{"/Users/fernando/workspace/algo3/pelela/eg-twitter-pelela/src/twitter.ts": {"path":"/Users/fernando/workspace/algo3/pelela/eg-twitter-pelela/src/twitter.ts","statementMap":{"0":{"start":{"line":1,"column":30},"end":{"line":1,"column":null}},"1":{"start":{"line":4,"column":10},"end":{"line":4,"column":null}},"2":{"start":{"line":7,"column":4},"end":{"line":14,"column":null}},"3":{"start":{"line":9,"column":8},"end":{"line":9,"column":null}},"4":{"start":{"line":11,"column":8},"end":{"line":11,"column":null}},"5":{"start":{"line":13,"column":8},"end":{"line":13,"column":null}},"6":{"start":{"line":20,"column":10},"end":{"line":20,"column":null}},"7":{"start":{"line":23,"column":4},"end":{"line":23,"column":null}}},"fnMap":{"0":{"name":"(anonymous_0)","decl":{"start":{"line":6,"column":6},"end":{"line":6,"column":27}},"loc":{"start":{"line":6,"column":27},"end":{"line":15,"column":null}},"line":6},"1":{"name":"(anonymous_1)","decl":{"start":{"line":22,"column":6},"end":{"line":22,"column":36}},"loc":{"start":{"line":22,"column":36},"end":{"line":24,"column":null}},"line":22}},"branchMap":{"0":{"loc":{"start":{"line":7,"column":4},"end":{"line":14,"column":null}},"type":"switch","locations":[{"start":{"line":8,"column":6},"end":{"line":9,"column":null}},{"start":{"line":10,"column":6},"end":{"line":11,"column":null}},{"start":{"line":12,"column":6},"end":{"line":13,"column":null}}],"line":7}},"s":{"0":1,"1":6,"2":3,"3":1,"4":1,"5":1,"6":6,"7":8},"f":{"0":3,"1":8},"b":{"0":[1,1,1]},"meta":{"lastBranch":1,"lastFunction":2,"lastStatement":8,"seen":{"s:1:30:1:Infinity":0,"s:4:10:4:Infinity":1,"f:6:6:6:27":0,"b:8:6:9:Infinity:10:6:11:Infinity:12:6:13:Infinity":0,"s:7:4:14:Infinity":2,"s:9:8:9:Infinity":3,"s:11:8:11:Infinity":4,"s:13:8:13:Infinity":5,"s:20:10:20:Infinity":6,"f:22:6:22:36":1,"s:23:4:23:Infinity":7}}}
}
